2020-06-17T10:38:22.237Z - normal: Load ~/.CocosCreator/settings.json
2020-06-17T10:38:22.283Z - normal: Initializing Asset Database
2020-06-17T10:38:22.287Z - normal: checking language setting...
2020-06-17T10:38:22.288Z - normal: Language: zh
2020-06-17T10:38:22.985Z - success: preview server running at http://localhost:7457
2020-06-17T10:38:22.988Z - success: protocol editor-framework registered
2020-06-17T10:38:22.988Z - success: protocol app registered
2020-06-17T10:38:22.989Z - success: protocol theme registered
2020-06-17T10:38:22.989Z - success: protocol packages registered
2020-06-17T10:38:22.989Z - success: protocol uuid registerred
2020-06-17T10:38:22.989Z - success: protocol db registerred
2020-06-17T10:38:22.989Z - success: protocol thumbnail registerred
2020-06-17T10:38:22.989Z - success: protocol unpack registerred
2020-06-17T10:38:22.989Z - success: protocol disable-commonjs registerred
2020-06-17T10:38:23.079Z - normal: connected!
2020-06-17T10:38:23.080Z - normal: Check project D:\cocos\complete_project\complete_project
2020-06-17T10:38:23.082Z - normal: Initializing project D:\cocos\complete_project\complete_project
2020-06-17T10:38:23.096Z - success: adapters loaded
2020-06-17T10:38:23.098Z - success: asset-db-debugger loaded
2020-06-17T10:38:23.135Z - success: fb-audience-network loaded
2020-06-17T10:38:23.153Z - success: fb-live-stream loaded
2020-06-17T10:38:23.155Z - success: google-play-instant loaded
2020-06-17T10:38:23.156Z - success: huawei-adapter loaded
2020-06-17T10:38:23.156Z - success: jkw-adapter loaded
2020-06-17T10:38:23.157Z - success: jsb-adapter loaded
2020-06-17T10:38:23.157Z - success: oppo-adapter loaded
2020-06-17T10:38:23.161Z - success: package-manager loaded
2020-06-17T10:38:23.161Z - success: qtt-adapter loaded
2020-06-17T10:38:23.164Z - success: runtime-dev-tools loaded
2020-06-17T10:38:23.167Z - success: sdkbox loaded
2020-06-17T10:38:23.170Z - success: ui-kit-preview-extra loaded
2020-06-17T10:38:23.172Z - success: ui-kit-preview loaded
2020-06-17T10:38:23.172Z - success: vivo-adapter loaded
2020-06-17T10:38:23.205Z - success: alipay-minigame loaded
2020-06-17T10:38:23.245Z - success: assets loaded
2020-06-17T10:38:23.246Z - success: baidugame-opendata loaded
2020-06-17T10:38:23.248Z - success: baidugame loaded
2020-06-17T10:38:23.250Z - success: builder loaded
2020-06-17T10:38:23.252Z - success: cloud-function loaded
2020-06-17T10:38:23.347Z - success: cocos-services loaded
2020-06-17T10:38:23.349Z - success: console loaded
2020-06-17T10:38:23.350Z - success: curve-editor loaded
2020-06-17T10:38:23.358Z - success: fb-instant-games loaded
2020-06-17T10:38:23.360Z - success: game-window loaded
2020-06-17T10:38:23.360Z - success: google-instant-games loaded
2020-06-17T10:38:23.362Z - success: hierarchy loaded
2020-06-17T10:38:23.364Z - success: huawei-runtime loaded
2020-06-17T10:38:23.365Z - success: inspector loaded
2020-06-17T10:38:23.414Z - success: cpk-publish loaded
2020-06-17T10:38:23.415Z - success: keystore loaded
2020-06-17T10:38:23.421Z - success: node-library loaded
2020-06-17T10:38:23.421Z - success: open-recent-items loaded
2020-06-17T10:38:23.423Z - success: oppo-runtime loaded
2020-06-17T10:38:23.424Z - success: package-asset loaded
2020-06-17T10:38:23.424Z - success: preferences loaded
2020-06-17T10:38:23.425Z - success: project-importer loaded
2020-06-17T10:38:23.426Z - success: project-settings loaded
2020-06-17T10:38:23.435Z - success: qtt-runtime loaded
2020-06-17T10:38:23.437Z - success: scene loaded
2020-06-17T10:38:23.437Z - success: simulator-debugger loaded
2020-06-17T10:38:23.437Z - success: sprite-editor loaded
2020-06-17T10:38:23.456Z - success: store loaded
2020-06-17T10:38:23.457Z - success: timeline loaded
2020-06-17T10:38:23.460Z - success: vivo-runtime loaded
2020-06-17T10:38:23.461Z - success: wechatgame-opendata loaded
2020-06-17T10:38:23.464Z - success: wechatgame loaded
2020-06-17T10:38:23.466Z - success: xiaomi-runtime loaded
2020-06-17T10:38:23.701Z - success: im-plugin loaded
2020-06-17T10:38:28.038Z - info: Cocos Service load base data!
2020-06-17T10:38:30.867Z - normal: Initializing Cocos2d
2020-06-17T10:38:31.216Z - normal: Initializing engine extends
2020-06-17T10:38:35.553Z - normal: Loading packages
2020-06-17T10:38:35.559Z - normal: Watching packages
2020-06-17T10:38:35.622Z - normal: Run Application
2020-06-17T13:25:13.333Z - info: shutdown preview server
